<?xml version="1.0" encoding="UTF-8"?>
<testng-results ignored="0" total="1" passed="1" failed="0" skipped="0">
  <reporter-output>
  </reporter-output>
  <suite started-at="2025-07-27T21:59:56 IST" name="Default suite" finished-at="2025-07-27T22:00:05 IST" duration-ms="8331">
    <groups>
    </groups>
    <test started-at="2025-07-27T21:59:56 IST" name="Default test" finished-at="2025-07-27T22:00:05 IST" duration-ms="8331">
      <class name="com.naukriRunner.TestRunner">
        <test-method is-config="true" signature="browserlaunch()[pri:0, instance:com.naukriRunner.TestRunner@19d481b]" started-at="2025-07-27T21:59:53 IST" name="browserlaunch" finished-at="2025-07-27T21:59:56 IST" duration-ms="3714" status="PASS">
          <reporter-output>
          </reporter-output>
        </test-method> <!-- browserlaunch -->
        <test-method is-config="true" signature="Launch()[pri:0, instance:com.naukriRunner.TestRunner@19d481b]" started-at="2025-07-27T21:59:56 IST" name="Launch" finished-at="2025-07-27T21:59:59 IST" duration-ms="3134" status="PASS">
          <reporter-output>
          </reporter-output>
        </test-method> <!-- Launch -->
        <test-method signature="LoginPage()[pri:0, instance:com.naukriRunner.TestRunner@19d481b]" started-at="2025-07-27T21:59:59 IST" name="LoginPage" finished-at="2025-07-27T22:00:01 IST" duration-ms="1651" status="PASS">
          <reporter-output>
          </reporter-output>
        </test-method> <!-- LoginPage -->
        <test-method is-config="true" signature="browserTerminate()[pri:0, instance:com.naukriRunner.TestRunner@19d481b]" started-at="2025-07-27T22:00:01 IST" name="browserTerminate" finished-at="2025-07-27T22:00:05 IST" duration-ms="3465" status="PASS">
          <reporter-output>
          </reporter-output>
        </test-method> <!-- browserTerminate -->
      </class> <!-- com.naukriRunner.TestRunner -->
    </test> <!-- Default test -->
  </suite> <!-- Default suite -->
</testng-results>
